<?xml version="1.0" encoding="UTF-8"?>
<!-- Generated by org.testng.reporters.JUnitReportReporter -->
<testsuite hostname="Shashank-PC" name="com.qa.tests.GetAPITest" tests="2" failures="0" timestamp="12 Aug 2019 06:19:57 GMT" time="2.076" errors="0">
  <testcase name="getAPTestWithoutHeaders" time="1.589" classname="com.qa.tests.GetAPITest"/>
  <testcase name="getAPTestWithHeaders" time="0.487" classname="com.qa.tests.GetAPITest"/>
</testsuite> <!-- com.qa.tests.GetAPITest -->
