<?xml version="1.0" encoding="UTF-8"?>
<!-- Generated by org.testng.reporters.JUnitReportReporter -->
<testsuite hostname="Shashank-PC" name="com.qa.tests.PostAPITest" tests="1" failures="0" timestamp="17 Aug 2019 12:51:43 GMT" time="2.317" errors="0">
  <testcase name="postAPITest" time="2.317" classname="com.qa.tests.PostAPITest"/>
</testsuite> <!-- com.qa.tests.PostAPITest -->
